extension/app-source-code/angulo/AnguloBundling/app/build/outputs/logs/manifest-merger-debug-report.txt
-- Merging decision tree log ---
manifest
ADDED from src/main/AndroidManifest.xml:20:1-41:12
INJECTED from src/main/AndroidManifest.xml:20:1-41:12
INJECTED from src/main/AndroidManifest.xml:20:1-41:12
INJECTED from src/main/AndroidManifest.xml:20:1-41:12
INJECTED from src/main/AndroidManifest.xml:20:1-41:12
INJECTED from src/main/AndroidManifest.xml:20:1-41:12
INJECTED from src/main/AndroidManifest.xml:20:1-41:12
	package
		ADDED from src/main/AndroidManifest.xml:21:3-28
		INJECTED from src/main/AndroidManifest.xml
		INJECTED from src/main/AndroidManifest.xml
	android:versionName
		ADDED from src/main/AndroidManifest.xml:23:3-44
		INJECTED from src/main/AndroidManifest.xml
		INJECTED from src/main/AndroidManifest.xml
	xmlns:android
		ADDED from src/main/AndroidManifest.xml:20:11-69
	android:versionCode
		ADDED from src/main/AndroidManifest.xml:22:3-30
		INJECTED from src/main/AndroidManifest.xml
		INJECTED from src/main/AndroidManifest.xml
uses-sdk
ADDED from src/main/AndroidManifest.xml:27:3-41
INJECTED from src/main/AndroidManifest.xml:27:3-41
INJECTED from src/main/AndroidManifest.xml:27:3-41
INJECTED from src/main/AndroidManifest.xml:27:3-41
INJECTED from src/main/AndroidManifest.xml:27:3-41
	android:targetSdkVersion
		INJECTED from src/main/AndroidManifest.xml
		ADDED from src/main/AndroidManifest.xml:27:3-41
		INJECTED from src/main/AndroidManifest.xml
	android:minSdkVersion
		ADDED from src/main/AndroidManifest.xml:27:13-38
		INJECTED from src/main/AndroidManifest.xml
		INJECTED from src/main/AndroidManifest.xml
uses-permission#android.permission.VIBRATE
ADDED from src/main/AndroidManifest.xml:28:3-64
	android:name
		ADDED from src/main/AndroidManifest.xml:28:20-61
application
ADDED from src/main/AndroidManifest.xml:30:3-39:17
	android:label
		ADDED from src/main/AndroidManifest.xml:30:16-48
	android:icon
		ADDED from src/main/AndroidManifest.xml:30:49-78
activity#eu.domob.angulo.Angulo
ADDED from src/main/AndroidManifest.xml:31:5-38:16
	android:screenOrientation
		ADDED from src/main/AndroidManifest.xml:32:7-43
	android:label
		ADDED from src/main/AndroidManifest.xml:33:7-39
	android:name
		ADDED from src/main/AndroidManifest.xml:31:15-36
intent-filter#android.intent.action.MAIN+android.intent.category.LAUNCHER
ADDED from src/main/AndroidManifest.xml:34:7-37:23
action#android.intent.action.MAIN
ADDED from src/main/AndroidManifest.xml:35:9-61
	android:name
		ADDED from src/main/AndroidManifest.xml:35:17-58
category#android.intent.category.LAUNCHER
ADDED from src/main/AndroidManifest.xml:36:9-69
	android:name
		ADDED from src/main/AndroidManifest.xml:36:19-66